<?xml version="1.0" encoding="UTF-8"?>
<testng-results total="1" passed="1" failed="0" skipped="0">
  <reporter-output>
  </reporter-output>
  <suite started-at="2023-07-30T02:05:37Z" name="Default suite" finished-at="2023-07-30T02:05:44Z" duration-ms="7400">
    <groups>
    </groups>
    <test started-at="2023-07-30T02:05:37Z" name="Default test" finished-at="2023-07-30T02:05:44Z" duration-ms="7400">
      <class name="com.training.testcases.CaseTwoTest">
        <test-method is-config="true" signature="beforemethod()[pri:0, instance:com.training.testcases.CaseTwoTest@4d154ccd]" started-at="2023-07-29T19:05:37Z" name="beforemethod" finished-at="2023-07-29T19:05:41Z" duration-ms="4627" status="PASS">
          <reporter-output>
          </reporter-output>
        </test-method> <!-- beforemethod -->
        <test-method signature="loginintoSaleforce()[pri:0, instance:com.training.testcases.CaseTwoTest@4d154ccd]" started-at="2023-07-29T19:05:41Z" name="loginintoSaleforce" finished-at="2023-07-29T19:05:44Z" duration-ms="2762" status="PASS">
          <reporter-output>
          </reporter-output>
        </test-method> <!-- loginintoSaleforce -->
      </class> <!-- com.training.testcases.CaseTwoTest -->
    </test> <!-- Default test -->
  </suite> <!-- Default suite -->
</testng-results>
